<?xml version="1.0" encoding="UTF-8"?>
<testsuite name="hello.HelloWorldConfigurationTests" tests="1" skipped="0" failures="0" errors="0" timestamp="2016-11-23T09:55:57" hostname="dev-05" time="0.262">
  <properties/>
  <testcase name="testGreeting" classname="hello.HelloWorldConfigurationTests" time="0.262"/>
  <system-out><![CDATA[16:55:49.425 [Test worker] DEBUG org.springframework.test.context.junit4.SpringJUnit4ClassRunner - SpringJUnit4ClassRunner constructor called with [class hello.HelloWorldConfigurationTests]
16:55:49.433 [Test worker] DEBUG org.springframework.test.context.BootstrapUtils - Instantiating CacheAwareContextLoaderDelegate from class [org.springframework.test.context.cache.DefaultCacheAwareContextLoaderDelegate]
16:55:49.446 [Test worker] DEBUG org.springframework.test.context.BootstrapUtils - Instantiating BootstrapContext using constructor [public org.springframework.test.context.support.DefaultBootstrapContext(java.lang.Class,org.springframework.test.context.CacheAwareContextLoaderDelegate)]
16:55:49.474 [Test worker] DEBUG org.springframework.test.context.BootstrapUtils - Instantiating TestContextBootstrapper for test class [hello.HelloWorldConfigurationTests] from class [org.springframework.boot.test.context.SpringBootTestContextBootstrapper]
16:55:49.486 [Test worker] INFO org.springframework.boot.test.context.SpringBootTestContextBootstrapper - Neither @ContextConfiguration nor @ContextHierarchy found for test class [hello.HelloWorldConfigurationTests], using SpringBootContextLoader
16:55:49.490 [Test worker] DEBUG org.springframework.test.context.support.AbstractContextLoader - Did not detect default resource location for test class [hello.HelloWorldConfigurationTests]: class path resource [hello/HelloWorldConfigurationTests-context.xml] does not exist
16:55:49.490 [Test worker] DEBUG org.springframework.test.context.support.AbstractContextLoader - Did not detect default resource location for test class [hello.HelloWorldConfigurationTests]: class path resource [hello/HelloWorldConfigurationTestsContext.groovy] does not exist
16:55:49.490 [Test worker] INFO org.springframework.test.context.support.AbstractContextLoader - Could not detect default resource locations for test class [hello.HelloWorldConfigurationTests]: no resource found for suffixes {-context.xml, Context.groovy}.
16:55:49.491 [Test worker] INFO org.springframework.test.context.support.AnnotationConfigContextLoaderUtils - Could not detect default configuration classes for test class [hello.HelloWorldConfigurationTests]: HelloWorldConfigurationTests does not declare any static, non-private, non-final, nested classes annotated with @Configuration.
16:55:49.564 [Test worker] DEBUG org.springframework.test.context.support.ActiveProfilesUtils - Could not find an 'annotation declaring class' for annotation type [org.springframework.test.context.ActiveProfiles] and class [hello.HelloWorldConfigurationTests]
16:55:49.668 [Test worker] DEBUG org.springframework.core.env.StandardEnvironment - Adding [systemProperties] PropertySource with lowest search precedence
16:55:49.669 [Test worker] DEBUG org.springframework.core.env.StandardEnvironment - Adding [systemEnvironment] PropertySource with lowest search precedence
16:55:49.670 [Test worker] DEBUG org.springframework.core.env.StandardEnvironment - Initialized StandardEnvironment with PropertySources [systemProperties,systemEnvironment]
16:55:49.681 [Test worker] DEBUG org.springframework.core.io.support.PathMatchingResourcePatternResolver - Resolved classpath location [hello/] to resources [URL [file:/home/agd/workspace/github.com/L3ARNING2B/gs-spring-boot-docker-acl/complete/build/classes/test/hello/], URL [file:/home/agd/workspace/github.com/L3ARNING2B/gs-spring-boot-docker-acl/complete/build/classes/main/hello/]]
16:55:49.682 [Test worker] DEBUG org.springframework.core.io.support.PathMatchingResourcePatternResolver - Looking for matching resources in directory tree [/home/agd/workspace/github.com/L3ARNING2B/gs-spring-boot-docker-acl/complete/build/classes/test/hello]
16:55:49.682 [Test worker] DEBUG org.springframework.core.io.support.PathMatchingResourcePatternResolver - Searching directory [/home/agd/workspace/github.com/L3ARNING2B/gs-spring-boot-docker-acl/complete/build/classes/test/hello] for files matching pattern [/home/agd/workspace/github.com/L3ARNING2B/gs-spring-boot-docker-acl/complete/build/classes/test/hello/*.class]
16:55:49.695 [Test worker] DEBUG org.springframework.core.io.support.PathMatchingResourcePatternResolver - Looking for matching resources in directory tree [/home/agd/workspace/github.com/L3ARNING2B/gs-spring-boot-docker-acl/complete/build/classes/main/hello]
16:55:49.695 [Test worker] DEBUG org.springframework.core.io.support.PathMatchingResourcePatternResolver - Searching directory [/home/agd/workspace/github.com/L3ARNING2B/gs-spring-boot-docker-acl/complete/build/classes/main/hello] for files matching pattern [/home/agd/workspace/github.com/L3ARNING2B/gs-spring-boot-docker-acl/complete/build/classes/main/hello/*.class]
16:55:49.696 [Test worker] DEBUG org.springframework.core.io.support.PathMatchingResourcePatternResolver - Resolved location pattern [classpath*:hello/*.class] to resources [file [/home/agd/workspace/github.com/L3ARNING2B/gs-spring-boot-docker-acl/complete/build/classes/test/hello/HelloWorldConfigurationTests.class], file [/home/agd/workspace/github.com/L3ARNING2B/gs-spring-boot-docker-acl/complete/build/classes/main/hello/Application.class]]
16:55:49.792 [Test worker] DEBUG org.springframework.context.annotation.ClassPathScanningCandidateComponentProvider - Identified candidate component class: file [/home/agd/workspace/github.com/L3ARNING2B/gs-spring-boot-docker-acl/complete/build/classes/main/hello/Application.class]
16:55:49.795 [Test worker] INFO org.springframework.boot.test.context.SpringBootTestContextBootstrapper - Found @SpringBootConfiguration hello.Application for test class hello.HelloWorldConfigurationTests
16:55:49.803 [Test worker] DEBUG org.springframework.boot.test.context.SpringBootTestContextBootstrapper - @TestExecutionListeners is not present for class [hello.HelloWorldConfigurationTests]: using defaults.
16:55:49.810 [Test worker] INFO org.springframework.boot.test.context.SpringBootTestContextBootstrapper - Loaded default TestExecutionListener class names from location [META-INF/spring.factories]: [org.springframework.boot.test.mock.mockito.MockitoTestExecutionListener, org.springframework.boot.test.mock.mockito.ResetMocksTestExecutionListener, org.springframework.boot.test.autoconfigure.restdocs.RestDocsTestExecutionListener, org.springframework.boot.test.autoconfigure.web.client.MockRestServiceServerResetTestExecutionListener, org.springframework.boot.test.autoconfigure.web.servlet.MockMvcPrintOnlyOnFailureTestExecutionListener, org.springframework.boot.test.autoconfigure.web.servlet.WebDriverTestExecutionListener, org.springframework.test.context.web.ServletTestExecutionListener, org.springframework.test.context.support.DirtiesContextBeforeModesTestExecutionListener, org.springframework.test.context.support.DependencyInjectionTestExecutionListener, org.springframework.test.context.support.DirtiesContextTestExecutionListener, org.springframework.test.context.transaction.TransactionalTestExecutionListener, org.springframework.test.context.jdbc.SqlScriptsTestExecutionListener]
16:55:49.826 [Test worker] INFO org.springframework.boot.test.context.SpringBootTestContextBootstrapper - Could not instantiate TestExecutionListener [org.springframework.test.context.transaction.TransactionalTestExecutionListener]. Specify custom listener classes or make the default listener classes (and their required dependencies) available. Offending class: [org/springframework/transaction/TransactionDefinition]
16:55:49.826 [Test worker] INFO org.springframework.boot.test.context.SpringBootTestContextBootstrapper - Could not instantiate TestExecutionListener [org.springframework.test.context.jdbc.SqlScriptsTestExecutionListener]. Specify custom listener classes or make the default listener classes (and their required dependencies) available. Offending class: [org/springframework/transaction/interceptor/TransactionAttribute]
16:55:49.827 [Test worker] INFO org.springframework.boot.test.context.SpringBootTestContextBootstrapper - Using TestExecutionListeners: [org.springframework.test.context.web.ServletTestExecutionListener@6a2be17b, org.springframework.test.context.support.DirtiesContextBeforeModesTestExecutionListener@7495f5b3, org.springframework.boot.test.autoconfigure.SpringBootDependencyInjectionTestExecutionListener@553c1375, org.springframework.test.context.support.DirtiesContextTestExecutionListener@784855c0, org.springframework.boot.test.mock.mockito.MockitoTestExecutionListener@4ddd438b, org.springframework.boot.test.mock.mockito.ResetMocksTestExecutionListener@163e0fee, org.springframework.boot.test.autoconfigure.web.servlet.WebDriverTestExecutionListener@23ac11e7, org.springframework.boot.test.autoconfigure.web.client.MockRestServiceServerResetTestExecutionListener@1970a607, org.springframework.boot.test.autoconfigure.restdocs.RestDocsTestExecutionListener@3e967fb9, org.springframework.boot.test.autoconfigure.web.servlet.MockMvcPrintOnlyOnFailureTestExecutionListener@583146fa]
16:55:49.832 [Test worker] DEBUG org.springframework.test.annotation.ProfileValueUtils - Retrieved @ProfileValueSourceConfiguration [null] for test class [hello.HelloWorldConfigurationTests]
16:55:49.833 [Test worker] DEBUG org.springframework.test.annotation.ProfileValueUtils - Retrieved ProfileValueSource type [class org.springframework.test.annotation.SystemProfileValueSource] for class [hello.HelloWorldConfigurationTests]
16:55:49.834 [Test worker] DEBUG org.springframework.test.annotation.ProfileValueUtils - Retrieved @ProfileValueSourceConfiguration [null] for test class [hello.HelloWorldConfigurationTests]
16:55:49.834 [Test worker] DEBUG org.springframework.test.annotation.ProfileValueUtils - Retrieved ProfileValueSource type [class org.springframework.test.annotation.SystemProfileValueSource] for class [hello.HelloWorldConfigurationTests]
16:55:49.840 [Test worker] DEBUG org.springframework.test.context.support.AbstractDirtiesContextTestExecutionListener - Before test class: context [DefaultTestContext@5a14fef3 testClass = HelloWorldConfigurationTests, testInstance = [null], testMethod = [null], testException = [null], mergedContextConfiguration = [WebMergedContextConfiguration@69e81687 testClass = HelloWorldConfigurationTests, locations = '{}', classes = '{class hello.Application}', contextInitializerClasses = '[]', activeProfiles = '{}', propertySourceLocations = '{}', propertySourceProperties = '{org.springframework.boot.test.context.SpringBootTestContextBootstrapper=true, server.port=0}', contextCustomizers = set[org.springframework.boot.test.context.SpringBootTestContextCustomizer@38e56bfd, org.springframework.boot.test.context.filter.ExcludeFilterContextCustomizer@6f2fd3d6, org.springframework.boot.test.mock.mockito.MockitoContextCustomizer@0, org.springframework.boot.test.autoconfigure.properties.PropertyMappingContextCustomizer@0, org.springframework.boot.test.autoconfigure.web.servlet.WebDriverContextCustomizerFactory$Customizer@78ee32], resourceBasePath = 'src/main/webapp', contextLoader = 'org.springframework.boot.test.context.SpringBootContextLoader', parent = [null]]], class annotated with @DirtiesContext [true] with mode [AFTER_CLASS].
16:55:49.841 [Test worker] DEBUG org.springframework.test.annotation.ProfileValueUtils - Retrieved @ProfileValueSourceConfiguration [null] for test class [hello.HelloWorldConfigurationTests]
16:55:49.841 [Test worker] DEBUG org.springframework.test.annotation.ProfileValueUtils - Retrieved ProfileValueSource type [class org.springframework.test.annotation.SystemProfileValueSource] for class [hello.HelloWorldConfigurationTests]
16:55:49.843 [Test worker] DEBUG org.springframework.test.context.support.DependencyInjectionTestExecutionListener - Performing dependency injection for test context [[DefaultTestContext@5a14fef3 testClass = HelloWorldConfigurationTests, testInstance = hello.HelloWorldConfigurationTests@6b510e8a, testMethod = [null], testException = [null], mergedContextConfiguration = [WebMergedContextConfiguration@69e81687 testClass = HelloWorldConfigurationTests, locations = '{}', classes = '{class hello.Application}', contextInitializerClasses = '[]', activeProfiles = '{}', propertySourceLocations = '{}', propertySourceProperties = '{org.springframework.boot.test.context.SpringBootTestContextBootstrapper=true, server.port=0}', contextCustomizers = set[org.springframework.boot.test.context.SpringBootTestContextCustomizer@38e56bfd, org.springframework.boot.test.context.filter.ExcludeFilterContextCustomizer@6f2fd3d6, org.springframework.boot.test.mock.mockito.MockitoContextCustomizer@0, org.springframework.boot.test.autoconfigure.properties.PropertyMappingContextCustomizer@0, org.springframework.boot.test.autoconfigure.web.servlet.WebDriverContextCustomizerFactory$Customizer@78ee32], resourceBasePath = 'src/main/webapp', contextLoader = 'org.springframework.boot.test.context.SpringBootContextLoader', parent = [null]]]].
16:55:49.882 [Test worker] DEBUG org.springframework.core.env.StandardEnvironment - Adding [systemProperties] PropertySource with lowest search precedence
16:55:49.882 [Test worker] DEBUG org.springframework.core.env.StandardEnvironment - Adding [systemEnvironment] PropertySource with lowest search precedence
16:55:49.883 [Test worker] DEBUG org.springframework.core.env.StandardEnvironment - Initialized StandardEnvironment with PropertySources [systemProperties,systemEnvironment]
16:55:49.884 [Test worker] DEBUG org.springframework.test.context.support.TestPropertySourceUtils - Adding inlined properties to environment: {spring.jmx.enabled=false, org.springframework.boot.test.context.SpringBootTestContextBootstrapper=true, server.port=0}
16:55:49.884 [Test worker] DEBUG org.springframework.core.env.StandardEnvironment - Adding [Inlined Test Properties] PropertySource with highest search precedence

  .   ____          _            __ _ _
 /\\ / ___'_ __ _ _(_)_ __  __ _ \ \ \ \
( ( )\___ | '_ | '_| | '_ \/ _` | \ \ \ \
 \\/  ___)| |_)| | | | | || (_| |  ) ) ) )
  '  |____| .__|_| |_|_| |_\__, | / / / /
 =========|_|==============|___/=/_/_/_/
 :: Spring Boot ::        (v1.4.2.RELEASE)

2016-11-23 16:55:50.850  INFO 26596 --- [    Test worker] hello.HelloWorldConfigurationTests       : Starting HelloWorldConfigurationTests on dev-05 with PID 26596 (started by agd in /home/agd/workspace/github.com/L3ARNING2B/gs-spring-boot-docker-acl/complete)
2016-11-23 16:55:50.851  INFO 26596 --- [    Test worker] hello.HelloWorldConfigurationTests       : No active profile set, falling back to default profiles: default
2016-11-23 16:55:50.972  INFO 26596 --- [    Test worker] ationConfigEmbeddedWebApplicationContext : Refreshing org.springframework.boot.context.embedded.AnnotationConfigEmbeddedWebApplicationContext@57126a6a: startup date [Wed Nov 23 16:55:50 ICT 2016]; root of context hierarchy
2016-11-23 16:55:54.936  INFO 26596 --- [    Test worker] s.b.c.e.t.TomcatEmbeddedServletContainer : Tomcat initialized with port(s): 0 (http)
2016-11-23 16:55:54.977  INFO 26596 --- [    Test worker] o.apache.catalina.core.StandardService   : Starting service Tomcat
2016-11-23 16:55:54.982  INFO 26596 --- [    Test worker] org.apache.catalina.core.StandardEngine  : Starting Servlet Engine: Apache Tomcat/8.5.6
2016-11-23 16:55:55.400  INFO 26596 --- [ost-startStop-1] o.a.c.c.C.[Tomcat].[localhost].[/]       : Initializing Spring embedded WebApplicationContext
2016-11-23 16:55:55.401  INFO 26596 --- [ost-startStop-1] o.s.web.context.ContextLoader            : Root WebApplicationContext: initialization completed in 4445 ms
2016-11-23 16:55:55.807  INFO 26596 --- [ost-startStop-1] o.s.b.w.servlet.ServletRegistrationBean  : Mapping servlet: 'dispatcherServlet' to [/]
2016-11-23 16:55:55.819  INFO 26596 --- [ost-startStop-1] o.s.b.w.servlet.FilterRegistrationBean   : Mapping filter: 'characterEncodingFilter' to: [/*]
2016-11-23 16:55:55.827  INFO 26596 --- [ost-startStop-1] o.s.b.w.servlet.FilterRegistrationBean   : Mapping filter: 'hiddenHttpMethodFilter' to: [/*]
2016-11-23 16:55:55.828  INFO 26596 --- [ost-startStop-1] o.s.b.w.servlet.FilterRegistrationBean   : Mapping filter: 'httpPutFormContentFilter' to: [/*]
2016-11-23 16:55:55.829  INFO 26596 --- [ost-startStop-1] o.s.b.w.servlet.FilterRegistrationBean   : Mapping filter: 'requestContextFilter' to: [/*]
2016-11-23 16:55:56.788  INFO 26596 --- [    Test worker] s.w.s.m.m.a.RequestMappingHandlerAdapter : Looking for @ControllerAdvice: org.springframework.boot.context.embedded.AnnotationConfigEmbeddedWebApplicationContext@57126a6a: startup date [Wed Nov 23 16:55:50 ICT 2016]; root of context hierarchy
2016-11-23 16:55:56.979  INFO 26596 --- [    Test worker] s.w.s.m.m.a.RequestMappingHandlerMapping : Mapped "{[/]}" onto public java.lang.String hello.Application.home()
2016-11-23 16:55:57.003  INFO 26596 --- [    Test worker] s.w.s.m.m.a.RequestMappingHandlerMapping : Mapped "{[/error],produces=[text/html]}" onto public org.springframework.web.servlet.ModelAndView org.springframework.boot.autoconfigure.web.BasicErrorController.errorHtml(javax.servlet.http.HttpServletRequest,javax.servlet.http.HttpServletResponse)
2016-11-23 16:55:57.004  INFO 26596 --- [    Test worker] s.w.s.m.m.a.RequestMappingHandlerMapping : Mapped "{[/error]}" onto public org.springframework.http.ResponseEntity<java.util.Map<java.lang.String, java.lang.Object>> org.springframework.boot.autoconfigure.web.BasicErrorController.error(javax.servlet.http.HttpServletRequest)
2016-11-23 16:55:57.114  INFO 26596 --- [    Test worker] o.s.w.s.handler.SimpleUrlHandlerMapping  : Mapped URL path [/webjars/**] onto handler of type [class org.springframework.web.servlet.resource.ResourceHttpRequestHandler]
2016-11-23 16:55:57.115  INFO 26596 --- [    Test worker] o.s.w.s.handler.SimpleUrlHandlerMapping  : Mapped URL path [/**] onto handler of type [class org.springframework.web.servlet.resource.ResourceHttpRequestHandler]
2016-11-23 16:55:57.247  INFO 26596 --- [    Test worker] o.s.w.s.handler.SimpleUrlHandlerMapping  : Mapped URL path [/**/favicon.ico] onto handler of type [class org.springframework.web.servlet.resource.ResourceHttpRequestHandler]
2016-11-23 16:55:57.630  INFO 26596 --- [    Test worker] s.b.c.e.t.TomcatEmbeddedServletContainer : Tomcat started on port(s): 53076 (http)
2016-11-23 16:55:57.640  INFO 26596 --- [    Test worker] hello.HelloWorldConfigurationTests       : Started HelloWorldConfigurationTests in 7.751 seconds (JVM running for 9.377)
2016-11-23 16:55:57.771  INFO 26596 --- [o-auto-1-exec-1] o.a.c.c.C.[Tomcat].[localhost].[/]       : Initializing Spring FrameworkServlet 'dispatcherServlet'
2016-11-23 16:55:57.772  INFO 26596 --- [o-auto-1-exec-1] o.s.web.servlet.DispatcherServlet        : FrameworkServlet 'dispatcherServlet': initialization started
2016-11-23 16:55:57.817  INFO 26596 --- [o-auto-1-exec-1] o.s.web.servlet.DispatcherServlet        : FrameworkServlet 'dispatcherServlet': initialization completed in 45 ms
2016-11-23 16:55:57.915  INFO 26596 --- [    Test worker] ationConfigEmbeddedWebApplicationContext : Closing org.springframework.boot.context.embedded.AnnotationConfigEmbeddedWebApplicationContext@57126a6a: startup date [Wed Nov 23 16:55:50 ICT 2016]; root of context hierarchy
]]></system-out>
  <system-err><![CDATA[]]></system-err>
</testsuite>
